        -:    0:Source:cardtest3.c
        -:    0:Graph:cardtest3.gcno
        -:    0:Data:cardtest3.gcda
        -:    0:Runs:1
        -:    0:Programs:1
        -:    1:#include "dominion.h"
        -:    2:#include "dominion_helpers.h"
        -:    3:#include <string.h>
        -:    4:#include <stdio.h>
        -:    5:#include <assert.h>
        -:    6:#include "rngs.h"
        -:    7:#include <stdlib.h>
        -:    8:
        -:    9:#define TESTCARD "village"
        -:   10:
function main called 1 returned 100% blocks executed 68%
        -:   11:int main()
        -:   12:{
        1:   13:    printf("----------------- Testing Card: %s ----------------\n", TESTCARD);
        1:   14:    int validator = 0;
        -:   15:    struct gameState G, testG;
        1:   16:    int numPlayers = 2;
        1:   17:    int k[10] = {adventurer, council_room, feast, gardens, mine, remodel, smithy, village, baron, great_hall};
        1:   18:    int seed = 1000;
        -:   19:    int r;
        1:   20:    int thisPlayer = 0;
        -:   21:
        1:   22:    r = initializeGame(numPlayers, k, seed, &G); // initialize a new game
        1:   23:    if (r == -1)
branch  0 taken 0%
branch  1 taken 100%
        -:   24:    {
    #####:   25:        validator = 1;
    #####:   26:        printf("FAIL when initialize a new game.\n");
    #####:   27:    }
        -:   28:    // copy the game state to a test case
        1:   29:    memcpy(&testG, &G, sizeof(struct gameState));
        1:   30:    printf("\n----------- TEST 1: set initial cards --------------\n");
        -:   31:    //handcount before village play
        1:   32:    if (G.handCount[thisPlayer] == testG.handCount[thisPlayer])
branch  0 taken 100%
branch  1 taken 0%
        -:   33:    {
        1:   34:        printf("PASS - handcount before village card is %d and expected %d\n", testG.handCount[thisPlayer], G.handCount[thisPlayer]);
        1:   35:    }
        -:   36:    else
        -:   37:    {
    #####:   38:        validator = 1;
    #####:   39:        printf("FAIL - handcount before village card is %d but expected %d\n", testG.handCount[thisPlayer], G.handCount[thisPlayer]);
        -:   40:    }
        1:   41:    testG.handCount[thisPlayer]++; // increment number of card due to village card
        -:   42:
        1:   43:    printf("\n----------- TEST 2: check handCount after village card --------------\n");
        -:   44:    // play village card
        1:   45:    cardEffect(village, 0, 0, 0, &testG, 0, 0); //play the village card
        1:   46:    if (G.handCount[G.whoseTurn] + 1 == testG.handCount[testG.whoseTurn])
branch  0 taken 0%
branch  1 taken 100%
        -:   47:    {
    #####:   48:        printf("PASS - Expected: %d, handCount: %d\n", G.handCount[G.whoseTurn] + 1, testG.handCount[testG.whoseTurn]);
    #####:   49:    } else {
        1:   50:        validator = 1;
        1:   51:        printf("FAIL - Expected: %d, handCount: %d\n", G.handCount[G.whoseTurn] + 1, testG.handCount[testG.whoseTurn]);
        -:   52:    }
        -:   53:
        1:   54:    memcpy(&testG, &G, sizeof(struct gameState));
        1:   55:    cardEffect(village, 0, 0, 0, &testG, 0, 0); //play the village card
        -:   56:
        1:   57:    printf("\n----------- TEST 3: check number of action card --------------\n");
        -:   58:
        1:   59:    if (G.numActions + 2 == testG.numActions)
branch  0 taken 100%
branch  1 taken 0%
        -:   60:    {
        1:   61:        printf("PASS - Expected: %d, Action card: %d\n", G.numActions + 2, testG.numActions);
        1:   62:    }
        -:   63:    else
        -:   64:    {
    #####:   65:        validator = 1;
    #####:   66:        printf("FAIL - Expected: %d, Action card: %d\n", G.numActions + 2, testG.numActions);
        -:   67:    }
        -:   68:
        1:   69:    if (validator == 0)
branch  0 taken 0%
branch  1 taken 100%
        -:   70:    {
    #####:   71:        printf("\n\n");
    #####:   72:        printf("******************************************\n");
    #####:   73:        printf("*** All tests passed for village card! ***\n");
    #####:   74:        printf("******************************************\n");
    #####:   75:        printf("\n\n");
    #####:   76:    }
        -:   77:    else
        -:   78:    {
        1:   79:        printf("\n\n");
        1:   80:        printf("*************************************\n");
        1:   81:        printf("*** There is BUG in village card! ***\n");
        1:   82:        printf("*************************************\n");
        1:   83:        printf("\n\n");
        -:   84:    }
        -:   85:
        1:   86:    return 0;
        -:   87:}
