        -:    0:Source:dominion.c
        -:    0:Graph:dominion.gcno
        -:    0:Data:dominion.gcda
        -:    0:Runs:1
        -:    0:Programs:1
        -:    1:#include "dominion.h"
        -:    2:#include "dominion_helpers.h"
        -:    3:#include "rngs.h"
        -:    4:#include <stdio.h>
        -:    5:#include <math.h>
        -:    6:#include <stdlib.h>
        -:    7:
       30:    8:int compare(const void* a, const void* b) {
       30:    9:  if (*(int*)a > *(int*)b)
    #####:   10:    return 1;
       30:   11:  if (*(int*)a < *(int*)b)
        8:   12:    return -1;
       22:   13:  return 0;
        -:   14:}
        -:   15:
    #####:   16:struct gameState* newGame() {
    #####:   17:  struct gameState* g = malloc(sizeof(struct gameState));
    #####:   18:  return g;
        -:   19:}
        -:   20:
    #####:   21:int* kingdomCards(int k1, int k2, int k3, int k4, int k5, int k6, int k7,
        -:   22:		  int k8, int k9, int k10) {
    #####:   23:  int* k = malloc(10 * sizeof(int));
    #####:   24:  k[0] = k1;
    #####:   25:  k[1] = k2;
    #####:   26:  k[2] = k3;
    #####:   27:  k[3] = k4;
    #####:   28:  k[4] = k5;
    #####:   29:  k[5] = k6;
    #####:   30:  k[6] = k7;
    #####:   31:  k[7] = k8;
    #####:   32:  k[8] = k9;
    #####:   33:  k[9] = k10;
    #####:   34:  return k;
        -:   35:}
        -:   36:
        1:   37:int initializeGame(int numPlayers, int kingdomCards[10], int randomSeed,
        -:   38:		   struct gameState *state) {
        -:   39:
        -:   40:  int i;
        -:   41:  int j;
        -:   42:  int it;			
        -:   43:  //set up random number generator
        1:   44:  SelectStream(1);
        1:   45:  PutSeed((long)randomSeed);
        -:   46:  
        -:   47:  //check number of players
        1:   48:  if (numPlayers > MAX_PLAYERS || numPlayers < 2)
        -:   49:    {
    #####:   50:      return -1;
        -:   51:    }
        -:   52:
        -:   53:  //set number of players
        1:   54:  state->numPlayers = numPlayers;
        -:   55:
        -:   56:  //check selected kingdom cards are different
       11:   57:  for (i = 0; i < 10; i++)
        -:   58:    {
      110:   59:      for (j = 0; j < 10; j++)
        -:   60:        {
      100:   61:	  if (j != i && kingdomCards[j] == kingdomCards[i])
        -:   62:	    {
    #####:   63:	      return -1;
        -:   64:	    }
        -:   65:        }
        -:   66:    }
        -:   67:
        -:   68:
        -:   69:  //initialize supply
        -:   70:  ///////////////////////////////
        -:   71:
        -:   72:  //set number of Curse cards
        1:   73:  if (numPlayers == 2)
        -:   74:    {
        1:   75:      state->supplyCount[curse] = 10;
        -:   76:    }
    #####:   77:  else if (numPlayers == 3)
        -:   78:    {
    #####:   79:      state->supplyCount[curse] = 20;
        -:   80:    }
        -:   81:  else
        -:   82:    {
    #####:   83:      state->supplyCount[curse] = 30;
        -:   84:    }
        -:   85:
        -:   86:  //set number of Victory cards
        1:   87:  if (numPlayers == 2)
        -:   88:    {
        1:   89:      state->supplyCount[estate] = 8;
        1:   90:      state->supplyCount[duchy] = 8;
        1:   91:      state->supplyCount[province] = 8;
        -:   92:    }
        -:   93:  else
        -:   94:    {
    #####:   95:      state->supplyCount[estate] = 12;
    #####:   96:      state->supplyCount[duchy] = 12;
    #####:   97:      state->supplyCount[province] = 12;
        -:   98:    }
        -:   99:
        -:  100:  //set number of Treasure cards
        1:  101:  state->supplyCount[copper] = 60 - (7 * numPlayers);
        1:  102:  state->supplyCount[silver] = 40;
        1:  103:  state->supplyCount[gold] = 30;
        -:  104:
        -:  105:  //set number of Kingdom cards
       21:  106:  for (i = adventurer; i <= treasure_map; i++)       	//loop all cards
        -:  107:    {
      165:  108:      for (j = 0; j < 10; j++)           		//loop chosen cards
        -:  109:	{
      155:  110:	  if (kingdomCards[j] == i)
        -:  111:	    {
        -:  112:	      //check if card is a 'Victory' Kingdom card
       10:  113:	      if (kingdomCards[j] == great_hall || kingdomCards[j] == gardens)
        -:  114:		{
    #####:  115:		  if (numPlayers == 2){ 
    #####:  116:		    state->supplyCount[i] = 8; 
        -:  117:		  }
    #####:  118:		  else{ state->supplyCount[i] = 12; }
        -:  119:		}
        -:  120:	      else
        -:  121:		{
       10:  122:		  state->supplyCount[i] = 10;
        -:  123:		}
       10:  124:	      break;
        -:  125:	    }
        -:  126:	  else    //card is not in the set choosen for the game
        -:  127:	    {
      145:  128:	      state->supplyCount[i] = -1;
        -:  129:	    }
        -:  130:	}
        -:  131:
        -:  132:    }
        -:  133:
        -:  134:  ////////////////////////
        -:  135:  //supply intilization complete
        -:  136:
        -:  137:  //set player decks
        3:  138:  for (i = 0; i < numPlayers; i++)
        -:  139:    {
        2:  140:      state->deckCount[i] = 0;
        8:  141:      for (j = 0; j < 3; j++)
        -:  142:	{
        6:  143:	  state->deck[i][j] = estate;
        6:  144:	  state->deckCount[i]++;
        -:  145:	}
       16:  146:      for (j = 3; j < 10; j++)
        -:  147:	{
       14:  148:	  state->deck[i][j] = copper;
       14:  149:	  state->deckCount[i]++;		
        -:  150:	}
        -:  151:    }
        -:  152:
        -:  153:  //shuffle player decks
        3:  154:  for (i = 0; i < numPlayers; i++)
        -:  155:    {
        2:  156:      if ( shuffle(i, state) < 0 )
        -:  157:	{
    #####:  158:	  return -1;
        -:  159:	}
        -:  160:    }
        -:  161:
        -:  162:  //draw player hands
        3:  163:  for (i = 0; i < numPlayers; i++)
        -:  164:    {  
        -:  165:      //initialize hand size to zero
        2:  166:      state->handCount[i] = 0;
        2:  167:      state->discardCount[i] = 0;
        -:  168:      //draw 5 cards
        -:  169:      // for (j = 0; j < 5; j++)
        -:  170:      //	{
        -:  171:      //	  drawCard(i, state);
        -:  172:      //	}
        -:  173:    }
        -:  174:  
        -:  175:  //set embargo tokens to 0 for all supply piles
       28:  176:  for (i = 0; i <= treasure_map; i++)
        -:  177:    {
       27:  178:      state->embargoTokens[i] = 0;
        -:  179:    }
        -:  180:
        -:  181:  //initialize first player's turn
        1:  182:  state->outpostPlayed = 0;
        1:  183:  state->phase = 0;
        1:  184:  state->numActions = 1;
        1:  185:  state->numBuys = 1;
        1:  186:  state->playedCardCount = 0;
        1:  187:  state->whoseTurn = 0;
        1:  188:  state->handCount[state->whoseTurn] = 0;
        -:  189:  //int it; move to top
        -:  190:
        -:  191:  //Moved draw cards to here, only drawing at the start of a turn
        6:  192:  for (it = 0; it < 5; it++){
        5:  193:    drawCard(state->whoseTurn, state);
        -:  194:  }
        -:  195:
        1:  196:  updateCoins(state->whoseTurn, state, 0);
        -:  197:
        1:  198:  return 0;
        -:  199:}
        -:  200:
        2:  201:int shuffle(int player, struct gameState *state) {
        -:  202: 
        -:  203:
        -:  204:  int newDeck[MAX_DECK];
        2:  205:  int newDeckPos = 0;
        -:  206:  int card;
        -:  207:  int i;
        -:  208:
        2:  209:  if (state->deckCount[player] < 1)
    #####:  210:    return -1;
        2:  211:  qsort ((void*)(state->deck[player]), state->deckCount[player], sizeof(int), compare); 
        -:  212:  /* SORT CARDS IN DECK TO ENSURE DETERMINISM! */
        -:  213:
       24:  214:  while (state->deckCount[player] > 0) {
       20:  215:    card = floor(Random() * state->deckCount[player]);
       20:  216:    newDeck[newDeckPos] = state->deck[player][card];
       20:  217:    newDeckPos++;
       70:  218:    for (i = card; i < state->deckCount[player]-1; i++) {
       50:  219:      state->deck[player][i] = state->deck[player][i+1];
        -:  220:    }
       20:  221:    state->deckCount[player]--;
        -:  222:  }
       22:  223:  for (i = 0; i < newDeckPos; i++) {
       20:  224:    state->deck[player][i] = newDeck[i];
       20:  225:    state->deckCount[player]++;
        -:  226:  }
        -:  227:
        2:  228:  return 0;
        -:  229:}
        -:  230:
    #####:  231:int playCard(int handPos, int choice1, int choice2, int choice3, struct gameState *state) 
        -:  232:{	
        -:  233:  int card;
    #####:  234:  int coin_bonus = 0; 		//tracks coins gain from actions
        -:  235:
        -:  236:  //check if it is the right phase
    #####:  237:  if (state->phase != 0)
        -:  238:    {
    #####:  239:      return -1;
        -:  240:    }
        -:  241:	
        -:  242:  //check if player has enough actions
    #####:  243:  if ( state->numActions < 1 )
        -:  244:    {
    #####:  245:      return -1;
        -:  246:    }
        -:  247:	
        -:  248:  //get card played
    #####:  249:  card = handCard(handPos, state);
        -:  250:	
        -:  251:  //check if selected card is an action
    #####:  252:  if ( card < adventurer || card > treasure_map )
        -:  253:    {
    #####:  254:      return -1;
        -:  255:    }
        -:  256:	
        -:  257:  //play card
    #####:  258:  if ( cardEffect(card, choice1, choice2, choice3, state, handPos, &coin_bonus) < 0 )
        -:  259:    {
    #####:  260:      return -1;
        -:  261:    }
        -:  262:	
        -:  263:  //reduce number of actions
    #####:  264:  state->numActions--;
        -:  265:
        -:  266:  //update coins (Treasure cards may be added with card draws)
    #####:  267:  updateCoins(state->whoseTurn, state, coin_bonus);
        -:  268:	
    #####:  269:  return 0;
        -:  270:}
        -:  271:
    #####:  272:int buyCard(int supplyPos, struct gameState *state) {
        -:  273:  int who;
        -:  274:  if (DEBUG){
        -:  275:    printf("Entering buyCard...\n");
        -:  276:  }
        -:  277:
        -:  278:  // I don't know what to do about the phase thing.
        -:  279:
    #####:  280:  who = state->whoseTurn;
        -:  281:
    #####:  282:  if (state->numBuys < 1){
        -:  283:    if (DEBUG)
        -:  284:      printf("You do not have any buys left\n");
    #####:  285:    return -1;
    #####:  286:  } else if (supplyCount(supplyPos, state) <1){
        -:  287:    if (DEBUG)
        -:  288:      printf("There are not any of that type of card left\n");
    #####:  289:    return -1;
    #####:  290:  } else if (state->coins < getCost(supplyPos)){
        -:  291:    if (DEBUG) 
        -:  292:      printf("You do not have enough money to buy that. You have %d coins.\n", state->coins);
    #####:  293:    return -1;
        -:  294:  } else {
    #####:  295:    state->phase=1;
        -:  296:    //state->supplyCount[supplyPos]--;
    #####:  297:    gainCard(supplyPos, state, 0, who); //card goes in discard, this might be wrong.. (2 means goes into hand, 0 goes into discard)
        -:  298:  
    #####:  299:    state->coins = (state->coins) - (getCost(supplyPos));
    #####:  300:    state->numBuys--;
        -:  301:    if (DEBUG)
        -:  302:      printf("You bought card number %d for %d coins. You now have %d buys and %d coins.\n", supplyPos, getCost(supplyPos), state->numBuys, state->coins);
        -:  303:  }
        -:  304:
        -:  305:  //state->discard[who][state->discardCount[who]] = supplyPos;
        -:  306:  //state->discardCount[who]++;
        -:  307:    
    #####:  308:  return 0;
        -:  309:}
        -:  310:
    #####:  311:int numHandCards(struct gameState *state) {
    #####:  312:  return state->handCount[ whoseTurn(state) ];
        -:  313:}
        -:  314:
    #####:  315:int handCard(int handPos, struct gameState *state) {
    #####:  316:  int currentPlayer = whoseTurn(state);
    #####:  317:  return state->hand[currentPlayer][handPos];
        -:  318:}
        -:  319:
    #####:  320:int supplyCount(int card, struct gameState *state) {
    #####:  321:  return state->supplyCount[card];
        -:  322:}
        -:  323:
    #####:  324:int fullDeckCount(int player, int card, struct gameState *state) {
        -:  325:  int i;
    #####:  326:  int count = 0;
        -:  327:
    #####:  328:  for (i = 0; i < state->deckCount[player]; i++)
        -:  329:    {
    #####:  330:      if (state->deck[player][i] == card) count++;
        -:  331:    }
        -:  332:
    #####:  333:  for (i = 0; i < state->handCount[player]; i++)
        -:  334:    {
    #####:  335:      if (state->hand[player][i] == card) count++;
        -:  336:    }
        -:  337:
    #####:  338:  for (i = 0; i < state->discardCount[player]; i++)
        -:  339:    {
    #####:  340:      if (state->discard[player][i] == card) count++;
        -:  341:    }
        -:  342:
    #####:  343:  return count;
        -:  344:}
        -:  345:
        4:  346:int whoseTurn(struct gameState *state) {
        4:  347:  return state->whoseTurn;
        -:  348:}
        -:  349:
    #####:  350:int endTurn(struct gameState *state) {
        -:  351:  int k;
        -:  352:  int i;
    #####:  353:  int currentPlayer = whoseTurn(state);
        -:  354:  
        -:  355:  //Discard hand
    #####:  356:  for (i = 0; i < state->handCount[currentPlayer]; i++){
    #####:  357:    state->discard[currentPlayer][state->discardCount[currentPlayer]++] = state->hand[currentPlayer][i];//Discard
    #####:  358:    state->hand[currentPlayer][i] = -1;//Set card to -1
        -:  359:  }
    #####:  360:  state->handCount[currentPlayer] = 0;//Reset hand count
        -:  361:    
        -:  362:  //Code for determining the player
    #####:  363:  if (currentPlayer < (state->numPlayers - 1)){ 
    #####:  364:    state->whoseTurn = currentPlayer + 1;//Still safe to increment
        -:  365:  }
        -:  366:  else{
    #####:  367:    state->whoseTurn = 0;//Max player has been reached, loop back around to player 1
        -:  368:  }
        -:  369:
    #####:  370:  state->outpostPlayed = 0;
    #####:  371:  state->phase = 0;
    #####:  372:  state->numActions = 1;
    #####:  373:  state->coins = 0;
    #####:  374:  state->numBuys = 1;
    #####:  375:  state->playedCardCount = 0;
    #####:  376:  state->handCount[state->whoseTurn] = 0;
        -:  377:
        -:  378:  //int k; move to top
        -:  379:  //Next player draws hand
    #####:  380:  for (k = 0; k < 5; k++){
    #####:  381:    drawCard(state->whoseTurn, state);//Draw a card
        -:  382:  }
        -:  383:
        -:  384:  //Update money
    #####:  385:  updateCoins(state->whoseTurn, state , 0);
        -:  386:
    #####:  387:  return 0;
        -:  388:}
        -:  389:
    #####:  390:int isGameOver(struct gameState *state) {
        -:  391:  int i;
        -:  392:  int j;
        -:  393:	
        -:  394:  //if stack of Province cards is empty, the game ends
    #####:  395:  if (state->supplyCount[province] == 0)
        -:  396:    {
    #####:  397:      return 1;
        -:  398:    }
        -:  399:
        -:  400:  //if three supply pile are at 0, the game ends
    #####:  401:  j = 0;
    #####:  402:  for (i = 0; i < 25; i++)
        -:  403:    {
    #####:  404:      if (state->supplyCount[i] == 0)
        -:  405:	{
    #####:  406:	  j++;
        -:  407:	}
        -:  408:    }
    #####:  409:  if ( j >= 3)
        -:  410:    {
    #####:  411:      return 1;
        -:  412:    }
        -:  413:
    #####:  414:  return 0;
        -:  415:}
        -:  416:
    #####:  417:int scoreFor (int player, struct gameState *state) {
        -:  418:
        -:  419:  int i;
    #####:  420:  int score = 0;
        -:  421:  //score from hand
    #####:  422:  for (i = 0; i < state->handCount[player]; i++)
        -:  423:    {
    #####:  424:      if (state->hand[player][i] == curse) { score = score - 1; };
    #####:  425:      if (state->hand[player][i] == estate) { score = score + 1; };
    #####:  426:      if (state->hand[player][i] == duchy) { score = score + 3; };
    #####:  427:      if (state->hand[player][i] == province) { score = score + 6; };
    #####:  428:      if (state->hand[player][i] == great_hall) { score = score + 1; };
    #####:  429:      if (state->hand[player][i] == gardens) { score = score + ( fullDeckCount(player, 0, state) / 10 ); };
        -:  430:    }
        -:  431:
        -:  432:  //score from discard
    #####:  433:  for (i = 0; i < state->discardCount[player]; i++)
        -:  434:    {
    #####:  435:      if (state->discard[player][i] == curse) { score = score - 1; };
    #####:  436:      if (state->discard[player][i] == estate) { score = score + 1; };
    #####:  437:      if (state->discard[player][i] == duchy) { score = score + 3; };
    #####:  438:      if (state->discard[player][i] == province) { score = score + 6; };
    #####:  439:      if (state->discard[player][i] == great_hall) { score = score + 1; };
    #####:  440:      if (state->discard[player][i] == gardens) { score = score + ( fullDeckCount(player, 0, state) / 10 ); };
        -:  441:    }
        -:  442:
        -:  443:  //score from deck
    #####:  444:  for (i = 0; i < state->discardCount[player]; i++)
        -:  445:    {
    #####:  446:      if (state->deck[player][i] == curse) { score = score - 1; };
    #####:  447:      if (state->deck[player][i] == estate) { score = score + 1; };
    #####:  448:      if (state->deck[player][i] == duchy) { score = score + 3; };
    #####:  449:      if (state->deck[player][i] == province) { score = score + 6; };
    #####:  450:      if (state->deck[player][i] == great_hall) { score = score + 1; };
    #####:  451:      if (state->deck[player][i] == gardens) { score = score + ( fullDeckCount(player, 0, state) / 10 ); };
        -:  452:    }
        -:  453:
    #####:  454:  return score;
        -:  455:}
        -:  456:
    #####:  457:int getWinners(int players[MAX_PLAYERS], struct gameState *state) {
        -:  458:  int i;	
        -:  459:  int j;
        -:  460:  int highScore;
        -:  461:  int currentPlayer;
        -:  462:
        -:  463:  //get score for each player
    #####:  464:  for (i = 0; i < MAX_PLAYERS; i++)
        -:  465:    {
        -:  466:      //set unused player scores to -9999
    #####:  467:      if (i >= state->numPlayers)
        -:  468:	{
    #####:  469:	  players[i] = -9999;
        -:  470:	}
        -:  471:      else
        -:  472:	{
    #####:  473:	  players[i] = scoreFor (i, state);
        -:  474:	}
        -:  475:    }
        -:  476:
        -:  477:  //find highest score
    #####:  478:  j = 0;
    #####:  479:  for (i = 0; i < MAX_PLAYERS; i++)
        -:  480:    {
    #####:  481:      if (players[i] > players[j])
        -:  482:	{
    #####:  483:	  j = i;
        -:  484:	}
        -:  485:    }
    #####:  486:  highScore = players[j];
        -:  487:
        -:  488:  //add 1 to players who had less turns
    #####:  489:  currentPlayer = whoseTurn(state);
    #####:  490:  for (i = 0; i < MAX_PLAYERS; i++)
        -:  491:    {
    #####:  492:      if ( players[i] == highScore && i > currentPlayer )
        -:  493:	{
    #####:  494:	  players[i]++;
        -:  495:	}
        -:  496:    }
        -:  497:
        -:  498:  //find new highest score
    #####:  499:  j = 0;
    #####:  500:  for (i = 0; i < MAX_PLAYERS; i++)
        -:  501:    {
    #####:  502:      if ( players[i] > players[j] )
        -:  503:	{
    #####:  504:	  j = i;
        -:  505:	}
        -:  506:    }
    #####:  507:  highScore = players[j];
        -:  508:
        -:  509:  //set winners in array to 1 and rest to 0
    #####:  510:  for (i = 0; i < MAX_PLAYERS; i++)
        -:  511:    {
    #####:  512:      if ( players[i] == highScore )
        -:  513:	{
    #####:  514:	  players[i] = 1;
        -:  515:	}
        -:  516:      else
        -:  517:	{
    #####:  518:	  players[i] = 0;
        -:  519:	}
        -:  520:    }
        -:  521:
    #####:  522:  return 0;
        -:  523:}
        -:  524:
        7:  525:int drawCard(int player, struct gameState *state)
        -:  526:{	int count;
        -:  527:  int deckCounter;
        7:  528:  if (state->deckCount[player] <= 0){//Deck is empty
        -:  529:    
        -:  530:    //Step 1 Shuffle the discard pile back into a deck
        -:  531:    int i;
        -:  532:    //Move discard to deck
    #####:  533:    for (i = 0; i < state->discardCount[player];i++){
    #####:  534:      state->deck[player][i] = state->discard[player][i];
    #####:  535:      state->discard[player][i] = -1;
        -:  536:    }
        -:  537:
    #####:  538:    state->deckCount[player] = state->discardCount[player];
    #####:  539:    state->discardCount[player] = 0;//Reset discard
        -:  540:
        -:  541:    //Shufffle the deck
    #####:  542:    shuffle(player, state);//Shuffle the deck up and make it so that we can draw
        -:  543:   
        -:  544:    if (DEBUG){//Debug statements
        -:  545:      printf("Deck count now: %d\n", state->deckCount[player]);
        -:  546:    }
        -:  547:    
    #####:  548:    state->discardCount[player] = 0;
        -:  549:
        -:  550:    //Step 2 Draw Card
    #####:  551:    count = state->handCount[player];//Get current player's hand count
        -:  552:    
        -:  553:    if (DEBUG){//Debug statements
        -:  554:      printf("Current hand count: %d\n", count);
        -:  555:    }
        -:  556:    
    #####:  557:    deckCounter = state->deckCount[player];//Create a holder for the deck count
        -:  558:
    #####:  559:    if (deckCounter == 0)
    #####:  560:      return -1;
        -:  561:
    #####:  562:    state->hand[player][count] = state->deck[player][deckCounter - 1];//Add card to hand
    #####:  563:    state->deckCount[player]--;
    #####:  564:    state->handCount[player]++;//Increment hand count
        -:  565:  }
        -:  566:
        -:  567:  else{
        7:  568:    int count = state->handCount[player];//Get current hand count for player
        -:  569:    int deckCounter;
        -:  570:    if (DEBUG){//Debug statements
        -:  571:      printf("Current hand count: %d\n", count);
        -:  572:    }
        -:  573:
        7:  574:    deckCounter = state->deckCount[player];//Create holder for the deck count
        7:  575:    state->hand[player][count] = state->deck[player][deckCounter - 1];//Add card to the hand
        7:  576:    state->deckCount[player]--;
        7:  577:    state->handCount[player]++;//Increment hand count
        -:  578:  }
        -:  579:
        7:  580:  return 0;
        -:  581:}
        -:  582:
    #####:  583:int getCost(int cardNumber)
        -:  584:{
    #####:  585:  switch( cardNumber ) 
        -:  586:    {
        -:  587:    case curse:
    #####:  588:      return 0;
        -:  589:    case estate:
    #####:  590:      return 2;
        -:  591:    case duchy:
    #####:  592:      return 5;
        -:  593:    case province:
    #####:  594:      return 8;
        -:  595:    case copper:
    #####:  596:      return 0;
        -:  597:    case silver:
    #####:  598:      return 3;
        -:  599:    case gold:
    #####:  600:      return 6;
        -:  601:    case adventurer:
    #####:  602:      return 6;
        -:  603:    case council_room:
    #####:  604:      return 5;
        -:  605:    case feast:
    #####:  606:      return 4;
        -:  607:    case gardens:
    #####:  608:      return 4;
        -:  609:    case mine:
    #####:  610:      return 5;
        -:  611:    case remodel:
    #####:  612:      return 4;
        -:  613:    case smithy:
    #####:  614:      return 4;
        -:  615:    case village:
    #####:  616:      return 3;
        -:  617:    case baron:
    #####:  618:      return 4;
        -:  619:    case great_hall:
    #####:  620:      return 3;
        -:  621:    case minion:
    #####:  622:      return 5;
        -:  623:    case steward:
    #####:  624:      return 3;
        -:  625:    case tribute:
    #####:  626:      return 5;
        -:  627:    case ambassador:
    #####:  628:      return 3;
        -:  629:    case cutpurse:
    #####:  630:      return 4;
        -:  631:    case embargo: 
    #####:  632:      return 2;
        -:  633:    case outpost:
    #####:  634:      return 5;
        -:  635:    case salvager:
    #####:  636:      return 4;
        -:  637:    case sea_hag:
    #####:  638:      return 4;
        -:  639:    case treasure_map:
    #####:  640:      return 4;
        -:  641:    }
        -:  642:	
    #####:  643:  return -1;
        -:  644:}
        -:  645:
    #####:  646:int adventurerEffect (struct gameState *state) {
    #####:  647:	int drawntreasure = 0; 
        -:  648:	int cardDrawn; 
    #####:  649:	int currentPlayer = whoseTurn(state); 
        -:  650:	int temphand[MAX_HAND]; 
    #####:  651:	int z = 0; 
    #####:  652:	while(drawntreasure<2){
    #####:  653:		if (state->deckCount[currentPlayer] <1){//if the deck is empty we need to shuffle discard and add to deck
    #####:  654:	  		shuffle(currentPlayer, state);
        -:  655:		}
        -:  656:
    #####:  657:		drawCard(currentPlayer, state);
        -:  658:
    #####:  659:		cardDrawn = state->hand[currentPlayer][state->handCount[currentPlayer]-1];//top card of hand is most recently drawn card.
        -:  660:	
    #####:  661:		if (cardDrawn == copper || cardDrawn == silver || cardDrawn == gold)
    #####:  662:	  		drawntreasure++;
        -:  663:		else{
    #####:  664:	  		temphand[z]=cardDrawn;
    #####:  665:	  		state->handCount[currentPlayer]--; //this should just remove the top card (the most recently drawn one).
    #####:  666:	  		z++;
        -:  667:		}
        -:  668:      	}
    #####:  669:      	while(z-1>=0){
    #####:  670:		state->discard[currentPlayer][state->discardCount[currentPlayer]++]=temphand[z-1]; // discard all cards in play that have been drawn
    #####:  671:		z=z-1;
        -:  672:      	}
        -:  673:
    #####:  674:	return 0; 
        -:  675:
        -:  676:}
        -:  677:
    #####:  678:int smithyEffect (struct gameState *state, int handPos) {
        -:  679:	 //+3 Cards
        -:  680:	 //
    #####:  681:      	int currentPlayer = whoseTurn(state); 
        -:  682:	int i; 
    #####:  683:	for (i = 0; i < 3; i++)
        -:  684:	{
    #####:  685:	  drawCard(currentPlayer, state);
        -:  686:	}
        -:  687:			
        -:  688:      //discard card from hand
    #####:  689:      discardCard(handPos, currentPlayer, state, 0);
    #####:  690:      return 0;
        -:  691:		
        -:  692:}
        -:  693:
        2:  694:int villageEffect (struct gameState *state, int handPos ) {
        -:  695:	//+1 Card
        2:  696:      int currentPlayer = whoseTurn(state); 
        2:  697:      drawCard(currentPlayer, state);
        -:  698:			
        -:  699:      //+2 Actions
        2:  700:      state->numActions = state->numActions + 2;
        -:  701:			
        -:  702:      //discard played card from hand
        2:  703:      discardCard(handPos, currentPlayer, state, 0);
        2:  704:      return 0;
        -:  705:}
        -:  706:
    #####:  707:int seaHagEffect (struct gameState *state) {
        -:  708:	int i; 
    #####:  709:	int currentPlayer = whoseTurn(state); 
    #####:  710:	for (i = 0; i < state->numPlayers; i++){
    #####:  711:	if (i == currentPlayer){
    #####:  712:	  state->discard[i][state->discardCount[i]] = state->deck[i][state->deckCount[i]--];			    state->deckCount[i]--;
    #####:  713:	  state->discardCount[i]++;
    #####:  714:	  state->deck[i][state->deckCount[i]--] = curse;//Top card now a curse
        -:  715:	}
        -:  716:      }
    #####:  717:      return 0;
        -:  718:}
        -:  719:
    #####:  720:int tributeEffect (struct gameState *state) {
        -:  721:	int i; 
    #####:  722:	int tributeRevealedCards[2] = {-1, -1}; 
    #####:  723:	int currentPlayer = whoseTurn(state); 
    #####:  724:	int nextPlayer = currentPlayer + 1; 
    #####:  725:	if ((state->discardCount[nextPlayer] + state->deckCount[nextPlayer]) <= 1){
    #####:  726:	if (state->deckCount[nextPlayer] > 0){
    #####:  727:	  tributeRevealedCards[0] = state->deck[nextPlayer][state->deckCount[nextPlayer]-1];
    #####:  728:	  state->deckCount[nextPlayer]--;
        -:  729:	}
    #####:  730:	else if (state->discardCount[nextPlayer] > 0){
    #####:  731:	  tributeRevealedCards[0] = state->discard[nextPlayer][state->discardCount[nextPlayer]-1];
    #####:  732:	  state->discardCount[nextPlayer]--;
        -:  733:	}
        -:  734:	else{
        -:  735:	  //No Card to Reveal
        -:  736:	  if (DEBUG){
        -:  737:	    printf("No cards to reveal\n");
        -:  738:	  }
        -:  739:	}
        -:  740:      }
        -:  741:	    
        -:  742:      else{
    #####:  743:	if (state->deckCount[nextPlayer] == 0){
    #####:  744:	  for (i = 0; i < state->discardCount[nextPlayer]; i++){
    #####:  745:	    state->deck[nextPlayer][i] = state->discard[nextPlayer][i];//Move to deck
    #####:  746:	    state->deckCount[nextPlayer]++;
    #####:  747:	    state->discard[nextPlayer][i] = -1;
    #####:  748:	    state->discardCount[nextPlayer]--;
        -:  749:	  }
        -:  750:			    
    #####:  751:	  shuffle(nextPlayer,state);//Shuffle the deck
        -:  752:	} 
    #####:  753:	tributeRevealedCards[0] = state->deck[nextPlayer][state->deckCount[nextPlayer]-1];
    #####:  754:	state->deck[nextPlayer][state->deckCount[nextPlayer]--] = -1;
    #####:  755:	state->deckCount[nextPlayer]--;
    #####:  756:	tributeRevealedCards[1] = state->deck[nextPlayer][state->deckCount[nextPlayer]-1];
    #####:  757:	state->deck[nextPlayer][state->deckCount[nextPlayer]--] = -1;
    #####:  758:	state->deckCount[nextPlayer]--;
        -:  759:      }    
        -:  760:		       
    #####:  761:      if (tributeRevealedCards[0] == tributeRevealedCards[1]){//If we have a duplicate card, just drop one 
    #####:  762:	state->playedCards[state->playedCardCount] = tributeRevealedCards[1];
    #####:  763:	state->playedCardCount++;
    #####:  764:	tributeRevealedCards[1] = -1;
        -:  765:      }
        -:  766:
    #####:  767:      for (i = 0; i <= 2; i ++){
    #####:  768:	if (tributeRevealedCards[i] == copper || tributeRevealedCards[i] == silver || tributeRevealedCards[i] == gold){//Treasure cards
    #####:  769:	  state->coins += 2;
        -:  770:	}
        -:  771:		    
    #####:  772:	else if (tributeRevealedCards[i] == estate || tributeRevealedCards[i] == duchy || tributeRevealedCards[i] == province || tributeRevealedCards[i] == gardens || tributeRevealedCards[i] == great_hall){//Victory Card Found
    #####:  773:	  drawCard(currentPlayer, state);
    #####:  774:	  drawCard(currentPlayer, state);
        -:  775:	}
        -:  776:	else{//Action Card
    #####:  777:	  state->numActions = state->numActions + 2;
        -:  778:	}
        -:  779:      }
        -:  780:	    
    #####:  781:      return 0;
        -:  782:}
        -:  783:
        2:  784:int cardEffect(int card, int choice1, int choice2, int choice3, struct gameState *state, int handPos, int *bonus)
        -:  785:{
        -:  786:  int i;
        -:  787:  int j;
        -:  788:  int k;
        -:  789:  int x;
        -:  790:  int index;
        2:  791:  int currentPlayer = whoseTurn(state);
        2:  792:  int nextPlayer = currentPlayer + 1;
        -:  793:
        -:  794:  //int tributeRevealedCards[2] = {-1, -1};
        -:  795:  int temphand[MAX_HAND];// moved above the if statement
        -:  796:  //int drawntreasure=0;
        -:  797:  //int cardDrawn;
        -:  798:  //int z = 0;// this is the counter for the temp hand
        2:  799:  if (nextPlayer > (state->numPlayers - 1)){
    #####:  800:    nextPlayer = 0;
        -:  801:  }
        -:  802:  
        -:  803:	
        -:  804:  //uses switch to select card and perform actions
        2:  805:  switch( card ) 
        -:  806:    {
        -:  807:    case adventurer:
    #####:  808:      adventurerEffect(state); 
    #####:  809:      return 0;
        -:  810:			
        -:  811:    case council_room:
        -:  812:      //+4 Cards
    #####:  813:      for (i = 0; i < 4; i++)
        -:  814:	{
    #####:  815:	  drawCard(currentPlayer, state);
        -:  816:	}
        -:  817:			
        -:  818:      //+1 Buy
    #####:  819:      state->numBuys++;
        -:  820:			
        -:  821:      //Each other player draws a card
    #####:  822:      for (i = 0; i < state->numPlayers; i++)
        -:  823:	{
    #####:  824:	  if ( i != currentPlayer )
        -:  825:	    {
    #####:  826:	      drawCard(i, state);
        -:  827:	    }
        -:  828:	}
        -:  829:			
        -:  830:      //put played card in played card pile
    #####:  831:      discardCard(handPos, currentPlayer, state, 0);
        -:  832:			
    #####:  833:      return 0;
        -:  834:			
        -:  835:    case feast:
        -:  836:      //gain card with cost up to 5
        -:  837:      //Backup hand
    #####:  838:      for (i = 0; i <= state->handCount[currentPlayer]; i++){
    #####:  839:	temphand[i] = state->hand[currentPlayer][i];//Backup card
    #####:  840:	state->hand[currentPlayer][i] = -1;//Set to nothing
        -:  841:      }
        -:  842:      //Backup hand
        -:  843:
        -:  844:      //Update Coins for Buy
    #####:  845:      updateCoins(currentPlayer, state, 5);
    #####:  846:      x = 1;//Condition to loop on
    #####:  847:      while( x == 1) {//Buy one card
    #####:  848:	if (supplyCount(choice1, state) <= 0){
        -:  849:	  if (DEBUG)
        -:  850:	    printf("None of that card left, sorry!\n");
        -:  851:
        -:  852:	  if (DEBUG){
        -:  853:	    printf("Cards Left: %d\n", supplyCount(choice1, state));
        -:  854:	  }
        -:  855:	}
    #####:  856:	else if (state->coins < getCost(choice1)){
    #####:  857:	  printf("That card is too expensive!\n");
        -:  858:
        -:  859:	  if (DEBUG){
        -:  860:	    printf("Coins: %d < %d\n", state->coins, getCost(choice1));
        -:  861:	  }
        -:  862:	}
        -:  863:	else{
        -:  864:
        -:  865:	  if (DEBUG){
        -:  866:	    printf("Deck Count: %d\n", state->handCount[currentPlayer] + state->deckCount[currentPlayer] + state->discardCount[currentPlayer]);
        -:  867:	  }
        -:  868:
    #####:  869:	  gainCard(choice1, state, 0, currentPlayer);//Gain the card
    #####:  870:	  x = 0;//No more buying cards
        -:  871:
        -:  872:	  if (DEBUG){
        -:  873:	    printf("Deck Count: %d\n", state->handCount[currentPlayer] + state->deckCount[currentPlayer] + state->discardCount[currentPlayer]);
        -:  874:	  }
        -:  875:
        -:  876:	}
        -:  877:      }     
        -:  878:
        -:  879:      //Reset Hand
    #####:  880:      for (i = 0; i <= state->handCount[currentPlayer]; i++){
    #####:  881:	state->hand[currentPlayer][i] = temphand[i];
    #####:  882:	temphand[i] = -1;
        -:  883:      }
        -:  884:      //Reset Hand
        -:  885:      			
    #####:  886:      return 0;
        -:  887:			
        -:  888:    case gardens:
    #####:  889:      return -1;
        -:  890:			
        -:  891:    case mine:
    #####:  892:      j = state->hand[currentPlayer][choice1];  //store card we will trash
        -:  893:
    #####:  894:      if (state->hand[currentPlayer][choice1] < copper || state->hand[currentPlayer][choice1] > gold)
        -:  895:	{
    #####:  896:	  return -1;
        -:  897:	}
        -:  898:		
    #####:  899:      if (choice2 > treasure_map || choice2 < curse)
        -:  900:	{
    #####:  901:	  return -1;
        -:  902:	}
        -:  903:
    #####:  904:      if ( (getCost(state->hand[currentPlayer][choice1]) + 3) > getCost(choice2) )
        -:  905:	{
    #####:  906:	  return -1;
        -:  907:	}
        -:  908:
    #####:  909:      gainCard(choice2, state, 2, currentPlayer);
        -:  910:
        -:  911:      //discard card from hand
    #####:  912:      discardCard(handPos, currentPlayer, state, 0);
        -:  913:
        -:  914:      //discard trashed card
    #####:  915:      for (i = 0; i < state->handCount[currentPlayer]; i++)
        -:  916:	{
    #####:  917:	  if (state->hand[currentPlayer][i] == j)
        -:  918:	    {
    #####:  919:	      discardCard(i, currentPlayer, state, 0);			
    #####:  920:	      break;
        -:  921:	    }
        -:  922:	}
        -:  923:			
    #####:  924:      return 0;
        -:  925:			
        -:  926:    case remodel:
    #####:  927:      j = state->hand[currentPlayer][choice1];  //store card we will trash
        -:  928:
    #####:  929:      if ( (getCost(state->hand[currentPlayer][choice1]) + 2) > getCost(choice2) )
        -:  930:	{
    #####:  931:	  return -1;
        -:  932:	}
        -:  933:
    #####:  934:      gainCard(choice2, state, 0, currentPlayer);
        -:  935:
        -:  936:      //discard card from hand
    #####:  937:      discardCard(handPos, currentPlayer, state, 0);
        -:  938:
        -:  939:      //discard trashed card
    #####:  940:      for (i = 0; i < state->handCount[currentPlayer]; i++)
        -:  941:	{
    #####:  942:	  if (state->hand[currentPlayer][i] == j)
        -:  943:	    {
    #####:  944:	      discardCard(i, currentPlayer, state, 0);			
    #####:  945:	      break;
        -:  946:	    }
        -:  947:	}
        -:  948:
        -:  949:
    #####:  950:      return 0;
        -:  951:		
        -:  952:    case smithy:
    #####:  953:		  smithyEffect(state, handPos); 
    #####:  954:		  return 0; 
        -:  955:     
        -:  956:    case village:
        2:  957:      villageEffect(state, handPos); 
        2:  958:		  return 0; 
        -:  959:		
        -:  960:    case baron:
    #####:  961:      state->numBuys++;//Increase buys by 1!
    #####:  962:      if (choice1 > 0){//Boolean true or going to discard an estate
    #####:  963:	int p = 0;//Iterator for hand!
    #####:  964:	int card_not_discarded = 1;//Flag for discard set!
    #####:  965:	while(card_not_discarded){
    #####:  966:	  if (state->hand[currentPlayer][p] == estate){//Found an estate card!
    #####:  967:	    state->coins += 4;//Add 4 coins to the amount of coins
    #####:  968:	    state->discard[currentPlayer][state->discardCount[currentPlayer]] = state->hand[currentPlayer][p];
    #####:  969:	    state->discardCount[currentPlayer]++;
    #####:  970:	    for (;p < state->handCount[currentPlayer]; p++){
    #####:  971:	      state->hand[currentPlayer][p] = state->hand[currentPlayer][p+1];
        -:  972:	    }
    #####:  973:	    state->hand[currentPlayer][state->handCount[currentPlayer]] = -1;
    #####:  974:	    state->handCount[currentPlayer]--;
    #####:  975:	    card_not_discarded = 0;//Exit the loop
        -:  976:	  }
    #####:  977:	  else if (p > state->handCount[currentPlayer]){
        -:  978:	    if(DEBUG) {
        -:  979:	      printf("No estate cards in your hand, invalid choice\n");
        -:  980:	      printf("Must gain an estate if there are any\n");
        -:  981:	    }
    #####:  982:	    if (supplyCount(estate, state) > 0){
    #####:  983:	      gainCard(estate, state, 0, currentPlayer);
    #####:  984:	      state->supplyCount[estate]--;//Decrement estates
    #####:  985:	      if (supplyCount(estate, state) == 0){
    #####:  986:		isGameOver(state);
        -:  987:	      }
        -:  988:	    }
    #####:  989:	    card_not_discarded = 0;//Exit the loop
        -:  990:	  }
        -:  991:			    
        -:  992:	  else{
    #####:  993:	    p++;//Next card
        -:  994:	  }
        -:  995:	}
        -:  996:      }
        -:  997:			    
        -:  998:      else{
    #####:  999:	if (supplyCount(estate, state) > 0){
    #####: 1000:	  gainCard(estate, state, 0, currentPlayer);//Gain an estate
    #####: 1001:	  state->supplyCount[estate]--;//Decrement Estates
    #####: 1002:	  if (supplyCount(estate, state) == 0){
    #####: 1003:	    isGameOver(state);
        -: 1004:	  }
        -: 1005:	}
        -: 1006:      }
        -: 1007:	    
        -: 1008:      
    #####: 1009:      return 0;
        -: 1010:		
        -: 1011:    case great_hall:
        -: 1012:      //+1 Card
    #####: 1013:      drawCard(currentPlayer, state);
        -: 1014:			
        -: 1015:      //+1 Actions
    #####: 1016:      state->numActions++;
        -: 1017:			
        -: 1018:      //discard card from hand
    #####: 1019:      discardCard(handPos, currentPlayer, state, 0);
    #####: 1020:      return 0;
        -: 1021:		
        -: 1022:    case minion:
        -: 1023:      //+1 action
    #####: 1024:      state->numActions++;
        -: 1025:			
        -: 1026:      //discard card from hand
    #####: 1027:      discardCard(handPos, currentPlayer, state, 0);
        -: 1028:			
    #####: 1029:      if (choice1)		//+2 coins
        -: 1030:	{
    #####: 1031:	  state->coins = state->coins + 2;
        -: 1032:	}
        -: 1033:			
    #####: 1034:      else if (choice2)		//discard hand, redraw 4, other players with 5+ cards discard hand and draw 4
        -: 1035:	{
        -: 1036:	  //discard hand
    #####: 1037:	  while(numHandCards(state) > 0)
        -: 1038:	    {
    #####: 1039:	      discardCard(handPos, currentPlayer, state, 0);
        -: 1040:	    }
        -: 1041:				
        -: 1042:	  //draw 4
    #####: 1043:	  for (i = 0; i < 4; i++)
        -: 1044:	    {
    #####: 1045:	      drawCard(currentPlayer, state);
        -: 1046:	    }
        -: 1047:				
        -: 1048:	  //other players discard hand and redraw if hand size > 4
    #####: 1049:	  for (i = 0; i < state->numPlayers; i++)
        -: 1050:	    {
    #####: 1051:	      if (i != currentPlayer)
        -: 1052:		{
    #####: 1053:		  if ( state->handCount[i] > 4 )
        -: 1054:		    {
        -: 1055:		      //discard hand
    #####: 1056:		      while( state->handCount[i] > 0 )
        -: 1057:			{
    #####: 1058:			  discardCard(handPos, i, state, 0);
        -: 1059:			}
        -: 1060:							
        -: 1061:		      //draw 4
    #####: 1062:		      for (j = 0; j < 4; j++)
        -: 1063:			{
    #####: 1064:			  drawCard(i, state);
        -: 1065:			}
        -: 1066:		    }
        -: 1067:		}
        -: 1068:	    }
        -: 1069:				
        -: 1070:	}
    #####: 1071:      return 0;
        -: 1072:		
        -: 1073:    case steward:
    #####: 1074:      if (choice1 == 1)
        -: 1075:	{
        -: 1076:	  //+2 cards
    #####: 1077:	  drawCard(currentPlayer, state);
    #####: 1078:	  drawCard(currentPlayer, state);
        -: 1079:	}
    #####: 1080:      else if (choice1 == 2)
        -: 1081:	{
        -: 1082:	  //+2 coins
    #####: 1083:	  state->coins = state->coins + 2;
        -: 1084:	}
        -: 1085:      else
        -: 1086:	{
        -: 1087:	  //trash 2 cards in hand
    #####: 1088:	  discardCard(choice2, currentPlayer, state, 1);
    #####: 1089:	  discardCard(choice3, currentPlayer, state, 1);
        -: 1090:	}
        -: 1091:			
        -: 1092:      //discard card from hand
    #####: 1093:      discardCard(handPos, currentPlayer, state, 0);
    #####: 1094:      return 0;
        -: 1095:		
        -: 1096:    case tribute:
    #####: 1097:      tributeEffect(state); 
    #####: 1098:	return 0; 
        -: 1099:		
        -: 1100:    case ambassador:
    #####: 1101:      j = 0;		//used to check if player has enough cards to discard
        -: 1102:
    #####: 1103:      if (choice2 > 2 || choice2 < 0)
        -: 1104:	{
    #####: 1105:	  return -1;				
        -: 1106:	}
        -: 1107:
    #####: 1108:      if (choice1 == handPos)
        -: 1109:	{
    #####: 1110:	  return -1;
        -: 1111:	}
        -: 1112:
    #####: 1113:      for (i = 0; i < state->handCount[currentPlayer]; i++)
        -: 1114:	{
    #####: 1115:	  if (i != handPos && i == state->hand[currentPlayer][choice1] && i != choice1)
        -: 1116:	    {
    #####: 1117:	      j++;
        -: 1118:	    }
        -: 1119:	}
    #####: 1120:      if (j < choice2)
        -: 1121:	{
    #####: 1122:	  return -1;				
        -: 1123:	}
        -: 1124:
        -: 1125:      if (DEBUG) 
        -: 1126:	printf("Player %d reveals card number: %d\n", currentPlayer, state->hand[currentPlayer][choice1]);
        -: 1127:
        -: 1128:      //increase supply count for choosen card by amount being discarded
    #####: 1129:      state->supplyCount[state->hand[currentPlayer][choice1]] += choice2;
        -: 1130:			
        -: 1131:      //each other player gains a copy of revealed card
    #####: 1132:      for (i = 0; i < state->numPlayers; i++)
        -: 1133:	{
    #####: 1134:	  if (i != currentPlayer)
        -: 1135:	    {
    #####: 1136:	      gainCard(state->hand[currentPlayer][choice1], state, 0, i);
        -: 1137:	    }
        -: 1138:	}
        -: 1139:
        -: 1140:      //discard played card from hand
    #####: 1141:      discardCard(handPos, currentPlayer, state, 0);			
        -: 1142:
        -: 1143:      //trash copies of cards returned to supply
    #####: 1144:      for (j = 0; j < choice2; j++)
        -: 1145:	{
    #####: 1146:	  for (i = 0; i < state->handCount[currentPlayer]; i++)
        -: 1147:	    {
    #####: 1148:	      if (state->hand[currentPlayer][i] == state->hand[currentPlayer][choice1])
        -: 1149:		{
    #####: 1150:		  discardCard(i, currentPlayer, state, 1);
    #####: 1151:		  break;
        -: 1152:		}
        -: 1153:	    }
        -: 1154:	}			
        -: 1155:
    #####: 1156:      return 0;
        -: 1157:		
        -: 1158:    case cutpurse:
        -: 1159:
    #####: 1160:      updateCoins(currentPlayer, state, 2);
    #####: 1161:      for (i = 0; i < state->numPlayers; i++)
        -: 1162:	{
    #####: 1163:	  if (i != currentPlayer)
        -: 1164:	    {
    #####: 1165:	      for (j = 0; j < state->handCount[i]; j++)
        -: 1166:		{
    #####: 1167:		  if (state->hand[i][j] == copper)
        -: 1168:		    {
    #####: 1169:		      discardCard(j, i, state, 0);
    #####: 1170:		      break;
        -: 1171:		    }
    #####: 1172:		  if (j == state->handCount[i])
        -: 1173:		    {
    #####: 1174:		      for (k = 0; k < state->handCount[i]; k++)
        -: 1175:			{
        -: 1176:			  if (DEBUG)
        -: 1177:			    printf("Player %d reveals card number %d\n", i, state->hand[i][k]);
        -: 1178:			}	
    #####: 1179:		      break;
        -: 1180:		    }		
        -: 1181:		}
        -: 1182:					
        -: 1183:	    }
        -: 1184:				
        -: 1185:	}				
        -: 1186:
        -: 1187:      //discard played card from hand
    #####: 1188:      discardCard(handPos, currentPlayer, state, 0);			
        -: 1189:
    #####: 1190:      return 0;
        -: 1191:
        -: 1192:		
        -: 1193:    case embargo: 
        -: 1194:      //+2 Coins
    #####: 1195:      state->coins = state->coins + 2;
        -: 1196:			
        -: 1197:      //see if selected pile is in play
    #####: 1198:      if ( state->supplyCount[choice1] == -1 )
        -: 1199:	{
    #####: 1200:	  return -1;
        -: 1201:	}
        -: 1202:			
        -: 1203:      //add embargo token to selected supply pile
    #####: 1204:      state->embargoTokens[choice1]++;
        -: 1205:			
        -: 1206:      //trash card
    #####: 1207:      discardCard(handPos, currentPlayer, state, 1);		
    #####: 1208:      return 0;
        -: 1209:		
        -: 1210:    case outpost:
        -: 1211:      //set outpost flag
    #####: 1212:      state->outpostPlayed++;
        -: 1213:			
        -: 1214:      //discard card
    #####: 1215:      discardCard(handPos, currentPlayer, state, 0);
    #####: 1216:      return 0;
        -: 1217:		
        -: 1218:    case salvager:
        -: 1219:      //+1 buy
    #####: 1220:      state->numBuys++;
        -: 1221:			
    #####: 1222:      if (choice1)
        -: 1223:	{
        -: 1224:	  //gain coins equal to trashed card
    #####: 1225:	  state->coins = state->coins + getCost( handCard(choice1, state) );
        -: 1226:	  //trash card
    #####: 1227:	  discardCard(choice1, currentPlayer, state, 1);	
        -: 1228:	}
        -: 1229:			
        -: 1230:      //discard card
    #####: 1231:      discardCard(handPos, currentPlayer, state, 0);
    #####: 1232:      return 0;
        -: 1233:		
        -: 1234:    case sea_hag:
    #####: 1235:      seaHagEffect(state); 
    #####: 1236:		  return 0; 
        -: 1237:		
        -: 1238:    case treasure_map:
        -: 1239:      //search hand for another treasure_map
    #####: 1240:      index = -1;
    #####: 1241:      for (i = 0; i < state->handCount[currentPlayer]; i++)
        -: 1242:	{
    #####: 1243:	  if (state->hand[currentPlayer][i] == treasure_map && i != handPos)
        -: 1244:	    {
    #####: 1245:	      index = i;
    #####: 1246:	      break;
        -: 1247:	    }
        -: 1248:	}
    #####: 1249:      if (index > -1)
        -: 1250:	{
        -: 1251:	  //trash both treasure cards
    #####: 1252:	  discardCard(handPos, currentPlayer, state, 1);
    #####: 1253:	  discardCard(index, currentPlayer, state, 1);
        -: 1254:
        -: 1255:	  //gain 4 Gold cards
    #####: 1256:	  for (i = 0; i < 4; i++)
        -: 1257:	    {
    #####: 1258:	      gainCard(gold, state, 1, currentPlayer);
        -: 1259:	    }
        -: 1260:				
        -: 1261:	  //return success
    #####: 1262:	  return 1;
        -: 1263:	}
        -: 1264:			
        -: 1265:      //no second treasure_map found in hand
    #####: 1266:      return -1;
        -: 1267:    }
        -: 1268:	
    #####: 1269:  return -1;
        -: 1270:}
        -: 1271:
        2: 1272:int discardCard(int handPos, int currentPlayer, struct gameState *state, int trashFlag)
        -: 1273:{
        -: 1274:	
        -: 1275:  //if card is not trashed, added to Played pile 
        2: 1276:  if (trashFlag < 1)
        -: 1277:    {
        -: 1278:      //add card to played pile
        2: 1279:      state->playedCards[state->playedCardCount] = state->hand[currentPlayer][handPos]; 
        2: 1280:      state->playedCardCount++;
        -: 1281:    }
        -: 1282:	
        -: 1283:  //set played card to -1
        2: 1284:  state->hand[currentPlayer][handPos] = -1;
        -: 1285:	
        -: 1286:  //remove card from player's hand
        2: 1287:  if ( handPos == (state->handCount[currentPlayer] - 1) ) 	//last card in hand array is played
        -: 1288:    {
        -: 1289:      //reduce number of cards in hand
    #####: 1290:      state->handCount[currentPlayer]--;
        -: 1291:    }
        2: 1292:  else if ( state->handCount[currentPlayer] == 1 ) //only one card in hand
        -: 1293:    {
        -: 1294:      //reduce number of cards in hand
    #####: 1295:      state->handCount[currentPlayer]--;
        -: 1296:    }
        -: 1297:  else 	
        -: 1298:    {
        -: 1299:      //replace discarded card with last card in hand
        2: 1300:      state->hand[currentPlayer][handPos] = state->hand[currentPlayer][ (state->handCount[currentPlayer] - 1)];
        -: 1301:      //set last card to -1
        2: 1302:      state->hand[currentPlayer][state->handCount[currentPlayer] - 1] = -1;
        -: 1303:      //reduce number of cards in hand
        2: 1304:      state->handCount[currentPlayer]--;
        -: 1305:    }
        -: 1306:	
        2: 1307:  return 0;
        -: 1308:}
        -: 1309:
    #####: 1310:int gainCard(int supplyPos, struct gameState *state, int toFlag, int player)
        -: 1311:{
        -: 1312:  //Note: supplyPos is enum of choosen card
        -: 1313:	
        -: 1314:  //check if supply pile is empty (0) or card is not used in game (-1)
    #####: 1315:  if ( supplyCount(supplyPos, state) < 1 )
        -: 1316:    {
    #####: 1317:      return -1;
        -: 1318:    }
        -: 1319:	
        -: 1320:  //added card for [whoseTurn] current player:
        -: 1321:  // toFlag = 0 : add to discard
        -: 1322:  // toFlag = 1 : add to deck
        -: 1323:  // toFlag = 2 : add to hand
        -: 1324:
    #####: 1325:  if (toFlag == 1)
        -: 1326:    {
    #####: 1327:      state->deck[ player ][ state->deckCount[player] ] = supplyPos;
    #####: 1328:      state->deckCount[player]++;
        -: 1329:    }
    #####: 1330:  else if (toFlag == 2)
        -: 1331:    {
    #####: 1332:      state->hand[ player ][ state->handCount[player] ] = supplyPos;
    #####: 1333:      state->handCount[player]++;
        -: 1334:    }
        -: 1335:  else
        -: 1336:    {
    #####: 1337:      state->discard[player][ state->discardCount[player] ] = supplyPos;
    #####: 1338:      state->discardCount[player]++;
        -: 1339:    }
        -: 1340:	
        -: 1341:  //decrease number in supply pile
    #####: 1342:  state->supplyCount[supplyPos]--;
        -: 1343:	 
    #####: 1344:  return 0;
        -: 1345:}
        -: 1346:
        1: 1347:int updateCoins(int player, struct gameState *state, int bonus)
        -: 1348:{
        -: 1349:  int i;
        -: 1350:	
        -: 1351:  //reset coin count
        1: 1352:  state->coins = 0;
        -: 1353:
        -: 1354:  //add coins for each Treasure card in player's hand
        6: 1355:  for (i = 0; i < state->handCount[player]; i++)
        -: 1356:    {
        5: 1357:      if (state->hand[player][i] == copper)
        -: 1358:	{
        4: 1359:	  state->coins += 1;
        -: 1360:	}
        1: 1361:      else if (state->hand[player][i] == silver)
        -: 1362:	{
    #####: 1363:	  state->coins += 2;
        -: 1364:	}
        1: 1365:      else if (state->hand[player][i] == gold)
        -: 1366:	{
    #####: 1367:	  state->coins += 3;
        -: 1368:	}	
        -: 1369:    }	
        -: 1370:
        -: 1371:  //add bonus
        1: 1372:  state->coins += bonus;
        -: 1373:
        1: 1374:  return 0;
        -: 1375:}
        -: 1376:
        -: 1377:
        -: 1378://end of dominion.c
        -: 1379:
