TN:
SF:/Users/sarahconnor/CS362-W2019/projects/connorsa/dominion/cardtest2.c
FN:14,testAdventurer
FN:121,compareStateFull
FN:197,main
FNDA:1,testAdventurer
FNDA:1,compareStateFull
FNDA:1,main
FNF:3
FNH:3
DA:17,2
DA:23,1
DA:26,1
DA:30,1
DA:31,1
DA:35,1
DA:36,1
DA:37,12
DA:39,5
DA:41,4
DA:42,4
DA:43,5
DA:47,1
DA:48,12
DA:50,5
DA:52,1
DA:53,1
DA:56,4
DA:58,5
DA:62,1
DA:63,22
DA:65,19
DA:67,2
DA:68,2
DA:71,8
DA:73,10
DA:76,1
DA:77,1
DA:78,1
DA:81,1
DA:83,1
DA:86,1
DA:87,24
DA:89,11
DA:91,0
DA:92,0
DA:93,11
DA:95,0
DA:96,0
DA:98,11
DA:100,1
DA:101,1
DA:102,1
DA:104,0
DA:105,0
DA:107,1
DA:109,1
DA:110,1
DA:113,1
DA:114,1
DA:116,1
DA:117,1
DA:118,1
DA:119,1
DA:123,1
DA:125,0
DA:126,0
DA:127,2
DA:129,1
DA:130,1
DA:131,2
DA:133,1
DA:134,1
DA:135,2
DA:137,1
DA:138,1
DA:139,2
DA:141,1
DA:142,1
DA:143,2
DA:145,1
DA:146,1
DA:147,1
DA:149,0
DA:150,0
DA:151,2
DA:153,1
DA:154,1
DA:155,2
DA:157,1
DA:158,1
DA:159,1
DA:161,0
DA:162,0
DA:163,1
DA:165,0
DA:166,0
DA:167,1
DA:169,0
DA:170,0
DA:171,1
DA:173,0
DA:174,0
DA:175,1
DA:177,0
DA:178,0
DA:179,1
DA:181,0
DA:182,0
DA:183,1
DA:185,0
DA:186,0
DA:187,1
DA:189,0
DA:190,0
DA:191,1
DA:193,0
DA:194,0
DA:195,1
DA:199,1
DA:200,1
DA:201,1
LF:112
LH:84
end_of_record
TN:
SF:/Users/sarahconnor/CS362-W2019/projects/connorsa/dominion/rngs.c
FN:51,Random
FN:71,PlantSeeds
FN:101,PutSeed
FN:129,GetSeed
FN:140,SelectStream
FN:153,TestRandom
FNDA:30,Random
FNDA:1,PlantSeeds
FNDA:2,PutSeed
FNDA:0,GetSeed
FNDA:2,SelectStream
FNDA:0,TestRandom
FNF:6
FNH:4
DA:58,60
DA:59,30
DA:62,30
DA:63,30
DA:64,27
DA:66,3
DA:67,30
DA:81,1
DA:82,1
DA:86,1
DA:87,1
DA:88,1
DA:89,1
DA:90,1
DA:91,512
DA:92,255
DA:93,255
DA:94,246
DA:96,9
DA:97,255
DA:98,1
DA:111,2
DA:113,2
DA:114,2
DA:115,2
DA:116,0
DA:117,2
DA:118,0
DA:119,0
DA:120,0
DA:121,0
DA:122,0
DA:123,0
DA:125,2
DA:126,2
DA:136,0
DA:137,0
DA:147,2
DA:148,3
DA:149,1
DA:150,2
DA:162,0
DA:164,0
DA:165,0
DA:166,0
DA:167,0
DA:168,0
DA:169,0
DA:171,0
DA:172,0
DA:173,0
DA:175,0
DA:176,0
DA:177,0
DA:178,0
DA:179,0
DA:180,0
DA:182,0
DA:183,0
LF:59
LH:32
end_of_record
TN:
SF:/Users/sarahconnor/CS362-W2019/projects/connorsa/dominion/dominion.c
FN:8,compare
FN:17,newGame
FN:23,kingdomCards
FN:40,initializeGame
FN:208,shuffle
FN:241,playCard
FN:282,buyCard
FN:330,numHandCards
FN:335,handCard
FN:341,supplyCount
FN:346,fullDeckCount
FN:372,whoseTurn
FN:377,endTurn
FN:422,isGameOver
FN:450,scoreFor
FN:545,getWinners
FN:614,drawCard
FN:679,getCost
FN:742,cardEffect
FN:1264,discardCard
FN:1302,gainCard
FN:1339,updateCoins
FN:1373,adventurerCard
FN:1411,smithyCard
FN:1436,villageCard
FN:1457,gardensCard
FN:1470,minesCard
FNDA:42,compare
FNDA:0,newGame
FNDA:0,kingdomCards
FNDA:1,initializeGame
FNDA:4,shuffle
FNDA:0,playCard
FNDA:0,buyCard
FNDA:0,numHandCards
FNDA:0,handCard
FNDA:0,supplyCount
FNDA:0,fullDeckCount
FNDA:2,whoseTurn
FNDA:0,endTurn
FNDA:0,isGameOver
FNDA:0,scoreFor
FNDA:0,getWinners
FNDA:18,drawCard
FNDA:0,getCost
FNDA:1,cardEffect
FNDA:0,discardCard
FNDA:0,gainCard
FNDA:3,updateCoins
FNDA:1,adventurerCard
FNDA:0,smithyCard
FNDA:0,villageCard
FNDA:0,gardensCard
FNDA:0,minesCard
FNF:27
FNH:8
DA:10,42
DA:11,3
DA:12,39
DA:13,10
DA:14,29
DA:15,42
DA:19,0
DA:20,0
DA:26,0
DA:27,0
DA:28,0
DA:29,0
DA:30,0
DA:31,0
DA:32,0
DA:33,0
DA:34,0
DA:35,0
DA:36,0
DA:37,0
DA:48,1
DA:49,1
DA:52,2
DA:54,0
DA:58,1
DA:61,22
DA:63,220
DA:65,190
DA:67,0
DA:69,100
DA:70,10
DA:76,1
DA:78,1
DA:79,1
DA:80,0
DA:82,0
DA:83,0
DA:86,0
DA:90,1
DA:92,1
DA:93,1
DA:94,1
DA:95,1
DA:98,0
DA:99,0
DA:100,0
DA:104,1
DA:105,1
DA:106,1
DA:109,42
DA:111,330
DA:113,155
DA:116,19
DA:118,2
DA:120,2
DA:121,2
DA:124,0
DA:126,2
DA:129,8
DA:131,10
DA:135,145
DA:137,145
DA:138,20
DA:144,6
DA:146,2
DA:147,16
DA:149,6
DA:150,6
DA:151,6
DA:152,32
DA:154,14
DA:155,14
DA:156,14
DA:157,2
DA:160,6
DA:162,2
DA:164,0
DA:166,2
DA:169,6
DA:172,2
DA:173,2
DA:179,2
DA:182,56
DA:184,27
DA:185,27
DA:188,1
DA:189,1
DA:190,1
DA:191,1
DA:192,1
DA:193,1
DA:194,1
DA:198,12
DA:200,5
DA:201,5
DA:203,1
DA:205,1
DA:206,1
DA:212,4
DA:216,4
DA:217,1
DA:218,3
DA:221,66
DA:223,30
DA:224,30
DA:225,30
DA:226,172
DA:228,56
DA:229,56
DA:230,30
DA:232,66
DA:234,30
DA:235,30
DA:236,30
DA:238,3
DA:239,4
DA:244,0
DA:247,0
DA:249,0
DA:253,0
DA:255,0
DA:259,0
DA:262,0
DA:264,0
DA:268,0
DA:270,0
DA:274,0
DA:277,0
DA:279,0
DA:280,0
DA:292,0
DA:294,0
DA:298,0
DA:300,0
DA:304,0
DA:306,0
DA:310,0
DA:314,0
DA:316,0
DA:318,0
DA:319,0
DA:327,0
DA:328,0
DA:332,0
DA:337,0
DA:338,0
DA:343,0
DA:349,0
DA:351,0
DA:353,0
DA:354,0
DA:355,0
DA:357,0
DA:359,0
DA:360,0
DA:361,0
DA:363,0
DA:365,0
DA:366,0
DA:367,0
DA:369,0
DA:374,2
DA:381,0
DA:384,0
DA:386,0
DA:387,0
DA:388,0
DA:389,0
DA:392,0
DA:394,0
DA:395,0
DA:398,0
DA:401,0
DA:402,0
DA:403,0
DA:404,0
DA:405,0
DA:406,0
DA:407,0
DA:411,0
DA:413,0
DA:414,0
DA:417,0
DA:419,0
DA:428,0
DA:430,0
DA:434,0
DA:435,0
DA:437,0
DA:439,0
DA:440,0
DA:441,0
DA:442,0
DA:444,0
DA:447,0
DA:448,0
DA:454,0
DA:456,0
DA:458,0
DA:460,0
DA:461,0
DA:462,0
DA:464,0
DA:465,0
DA:466,0
DA:468,0
DA:469,0
DA:470,0
DA:472,0
DA:473,0
DA:474,0
DA:476,0
DA:477,0
DA:478,0
DA:480,0
DA:481,0
DA:482,0
DA:485,0
DA:487,0
DA:489,0
DA:490,0
DA:491,0
DA:493,0
DA:494,0
DA:495,0
DA:497,0
DA:498,0
DA:499,0
DA:501,0
DA:502,0
DA:503,0
DA:505,0
DA:506,0
DA:507,0
DA:509,0
DA:510,0
DA:511,0
DA:514,0
DA:516,0
DA:518,0
DA:519,0
DA:520,0
DA:522,0
DA:523,0
DA:524,0
DA:526,0
DA:527,0
DA:528,0
DA:530,0
DA:531,0
DA:532,0
DA:534,0
DA:535,0
DA:536,0
DA:538,0
DA:539,0
DA:540,0
DA:542,0
DA:553,0
DA:556,0
DA:558,0
DA:559,0
DA:562,0
DA:564,0
DA:567,0
DA:568,0
DA:570,0
DA:572,0
DA:573,0
DA:574,0
DA:575,0
DA:578,0
DA:579,0
DA:581,0
DA:583,0
DA:584,0
DA:585,0
DA:588,0
DA:589,0
DA:591,0
DA:593,0
DA:594,0
DA:595,0
DA:596,0
DA:599,0
DA:601,0
DA:603,0
DA:604,0
DA:607,0
DA:609,0
DA:611,0
DA:618,18
DA:624,22
DA:626,10
DA:627,10
DA:628,10
DA:630,1
DA:631,1
DA:634,1
DA:641,1
DA:644,1
DA:651,1
DA:653,1
DA:654,0
DA:656,1
DA:657,1
DA:658,1
DA:659,1
DA:663,17
DA:670,17
DA:671,17
DA:672,17
DA:673,17
DA:676,18
DA:677,18
DA:681,0
DA:684,0
DA:686,0
DA:688,0
DA:690,0
DA:692,0
DA:694,0
DA:696,0
DA:698,0
DA:700,0
DA:702,0
DA:704,0
DA:706,0
DA:708,0
DA:710,0
DA:712,0
DA:714,0
DA:716,0
DA:718,0
DA:720,0
DA:722,0
DA:724,0
DA:726,0
DA:728,0
DA:730,0
DA:732,0
DA:734,0
DA:736,0
DA:739,0
DA:740,0
DA:749,1
DA:750,1
DA:752,1
DA:757,1
DA:759,0
DA:760,0
DA:763,1
DA:767,1
DA:772,0
DA:774,0
DA:775,0
DA:776,0
DA:780,0
DA:781,0
DA:782,0
DA:784,0
DA:793,0
DA:794,0
DA:796,0
DA:802,0
DA:811,0
DA:812,0
DA:822,0
DA:824,0
DA:825,0
DA:826,0
DA:829,0
DA:832,0
DA:835,0
DA:838,0
DA:840,0
DA:842,0
DA:845,0
DA:848,0
DA:851,0
DA:853,0
DA:855,0
DA:856,0
DA:858,0
DA:860,0
DA:863,0
DA:866,0
DA:869,0
DA:870,0
DA:872,0
DA:873,0
DA:874,0
DA:876,0
DA:878,0
DA:879,0
DA:880,0
DA:881,0
DA:883,0
DA:884,0
DA:885,0
DA:886,0
DA:887,0
DA:888,0
DA:889,0
DA:896,0
DA:898,0
DA:899,0
DA:900,0
DA:902,0
DA:903,0
DA:904,0
DA:905,0
DA:906,0
DA:910,0
DA:913,0
DA:917,0
DA:919,0
DA:920,0
DA:921,0
DA:923,0
DA:924,0
DA:925,0
DA:928,0
DA:932,0
DA:935,0
DA:938,0
DA:939,0
DA:943,0
DA:946,0
DA:948,0
DA:950,0
DA:951,0
DA:953,0
DA:956,0
DA:958,0
DA:962,0
DA:964,0
DA:965,0
DA:968,0
DA:970,0
DA:972,0
DA:975,0
DA:977,0
DA:981,0
DA:983,0
DA:984,0
DA:985,0
DA:986,0
DA:987,0
DA:988,0
DA:989,0
DA:992,0
DA:995,0
DA:996,0
DA:997,0
DA:998,0
DA:1001,0
DA:1002,0
DA:1006,0
DA:1007,0
DA:1011,0
DA:1012,0
DA:1015,0
DA:1017,0
DA:1019,0
DA:1020,0
DA:1021,0
DA:1022,0
DA:1024,0
DA:1025,0
DA:1026,0
DA:1035,0
DA:1039,0
DA:1041,0
DA:1043,0
DA:1044,0
DA:1045,0
DA:1046,0
DA:1047,0
DA:1049,0
DA:1050,0
DA:1051,0
DA:1052,0
DA:1053,0
DA:1054,0
DA:1055,0
DA:1056,0
DA:1059,0
DA:1061,0
DA:1062,0
DA:1063,0
DA:1064,0
DA:1066,0
DA:1068,0
DA:1070,0
DA:1071,0
DA:1073,0
DA:1075,0
DA:1076,0
DA:1077,0
DA:1080,0
DA:1082,0
DA:1084,0
DA:1087,0
DA:1089,0
DA:1091,0
DA:1094,0
DA:1096,0
DA:1099,0
DA:1101,0
DA:1103,0
DA:1104,0
DA:1105,0
DA:1106,0
DA:1108,0
DA:1115,0
DA:1118,0
DA:1120,0
DA:1122,0
DA:1123,0
DA:1124,0
DA:1127,0
DA:1130,0
DA:1132,0
DA:1134,0
DA:1136,0
DA:1137,0
DA:1139,0
DA:1140,0
DA:1142,0
DA:1146,0
DA:1147,0
DA:1149,0
DA:1151,0
DA:1153,0
DA:1155,0
DA:1156,0
DA:1158,0
DA:1160,0
DA:1164,0
DA:1165,0
DA:1167,0
DA:1168,0
DA:1169,0
DA:1172,0
DA:1174,0
DA:1178,0
DA:1181,0
DA:1183,0
DA:1187,0
DA:1190,0
DA:1191,0
DA:1195,0
DA:1198,0
DA:1199,0
DA:1203,0
DA:1205,0
DA:1208,0
DA:1210,0
DA:1211,0
DA:1214,0
DA:1215,0
DA:1218,0
DA:1220,0
DA:1222,0
DA:1223,0
DA:1224,0
DA:1225,0
DA:1226,0
DA:1227,0
DA:1228,0
DA:1232,0
DA:1233,0
DA:1235,0
DA:1237,0
DA:1238,0
DA:1240,0
DA:1241,0
DA:1244,0
DA:1245,0
DA:1248,0
DA:1250,0
DA:1251,0
DA:1254,0
DA:1258,0
DA:1261,0
DA:1262,1
DA:1268,0
DA:1271,0
DA:1272,0
DA:1273,0
DA:1276,0
DA:1279,0
DA:1282,0
DA:1283,0
DA:1284,0
DA:1287,0
DA:1288,0
DA:1292,0
DA:1294,0
DA:1296,0
DA:1299,0
DA:1307,0
DA:1309,0
DA:1317,0
DA:1319,0
DA:1320,0
DA:1321,0
DA:1322,0
DA:1324,0
DA:1325,0
DA:1326,0
DA:1329,0
DA:1330,0
DA:1334,0
DA:1336,0
DA:1337,0
DA:1344,3
DA:1347,40
DA:1349,17
DA:1351,7
DA:1352,7
DA:1353,10
DA:1355,0
DA:1356,0
DA:1357,10
DA:1359,0
DA:1360,0
DA:1361,17
DA:1364,3
DA:1366,3
DA:1375,1
DA:1376,1
DA:1379,1
DA:1381,1
DA:1382,1
DA:1384,0
DA:1385,0
DA:1386,28
DA:1388,13
DA:1390,1
DA:1391,1
DA:1392,13
DA:1393,13
DA:1394,35
DA:1395,2
DA:1398,11
DA:1399,11
DA:1400,11
DA:1403,24
DA:1405,11
DA:1406,11
DA:1408,1
DA:1414,0
DA:1415,0
DA:1417,0
DA:1419,0
DA:1420,0
DA:1422,0
DA:1424,0
DA:1425,0
DA:1432,0
DA:1433,0
DA:1438,0
DA:1439,0
DA:1441,0
DA:1443,0
DA:1444,0
DA:1450,0
DA:1453,0
DA:1454,0
DA:1459,0
DA:1461,0
DA:1463,0
DA:1465,0
DA:1466,0
DA:1467,0
DA:1475,0
DA:1476,0
DA:1479,0
DA:1481,0
DA:1482,0
DA:1484,0
DA:1486,0
DA:1488,0
DA:1491,0
DA:1493,0
DA:1496,0
DA:1498,0
DA:1501,0
DA:1504,0
DA:1507,0
DA:1509,0
DA:1511,0
DA:1512,0
DA:1514,0
DA:1516,0
DA:1517,0
LF:698
LH:152
end_of_record
